1718478746739	geckodriver	INFO	Listening on 127.0.0.1:53501
1718478749786	mozrunner::runner	INFO	Running command: "C:\\Program Files\\Mozilla Firefox\\firefox.exe" "--marionette" "--remote-debugging-port" "53502" "--remote-allow-hosts" "localhost" "-no-remote" "-profile" "C:\\Users\\LUCAS~1.FON\\AppData\\Local\\Temp\\rust_mozprofileEG9l0G"
console.warn: services.settings: Ignoring preference override of remote settings server
console.warn: services.settings: Allow by setting MOZ_REMOTE_SETTINGS_DEVTOOLS=1 in the environment
Dynamically enable window occlusion 0
1718478750788	Marionette	INFO	Marionette enabled
1718478750999	Marionette	INFO	Listening on port 53509
WebDriver BiDi listening on ws://127.0.0.1:53502
Read port: 53509
1718478751237	RemoteAgent	WARN	TLS certificate errors will be ignored for this session
DevTools listening on ws://127.0.0.1:53502/devtools/browser/843faa5a-7ffb-4253-8b62-d931b1489ceb
1718478759643	Marionette	WARN	Ignoring event 'pageshow' because document has an invalid readyState of 'uninitialized'.
1718478780816	addons.xpi	ERROR	System addon update list error SyntaxError: XMLHttpRequest.open: 'http://%(server)s/dummy-system-addons.xml' is not a valid URL.
1718478891903	Marionette	INFO	Stopped listening on port 53509
Dynamically enable window occlusion 1
1718478960701	geckodriver	INFO	Listening on 127.0.0.1:53610
1718478963764	mozrunner::runner	INFO	Running command: "C:\\Program Files\\Mozilla Firefox\\firefox.exe" "--marionette" "--remote-debugging-port" "53611" "--remote-allow-hosts" "localhost" "-no-remote" "-profile" "C:\\Users\\LUCAS~1.FON\\AppData\\Local\\Temp\\rust_mozprofileRwKOG3"
console.warn: services.settings: Ignoring preference override of remote settings server
console.warn: services.settings: Allow by setting MOZ_REMOTE_SETTINGS_DEVTOOLS=1 in the environment
Dynamically enable window occlusion 0
1718478964099	Marionette	INFO	Marionette enabled
1718478964270	Marionette	INFO	Listening on port 53620
WebDriver BiDi listening on ws://127.0.0.1:53611
Read port: 53620
1718478964489	RemoteAgent	WARN	TLS certificate errors will be ignored for this session
DevTools listening on ws://127.0.0.1:53611/devtools/browser/3eb202d8-de22-477c-9ce4-06f3a28d82bb
1718478973533	geckodriver	INFO	Listening on 127.0.0.1:53639
1718478976578	mozrunner::runner	INFO	Running command: "C:\\Program Files\\Mozilla Firefox\\firefox.exe" "--marionette" "--remote-debugging-port" "53640" "--remote-allow-hosts" "localhost" "-no-remote" "-profile" "C:\\Users\\LUCAS~1.FON\\AppData\\Local\\Temp\\rust_mozprofile1jbmh9"
console.warn: services.settings: Ignoring preference override of remote settings server
console.warn: services.settings: Allow by setting MOZ_REMOTE_SETTINGS_DEVTOOLS=1 in the environment
Dynamically enable window occlusion 0
1718478976934	Marionette	INFO	Marionette enabled
1718478977116	Marionette	INFO	Listening on port 53647
Read port: 53647
WebDriver BiDi listening on ws://127.0.0.1:53640
1718478977197	RemoteAgent	WARN	TLS certificate errors will be ignored for this session
DevTools listening on ws://127.0.0.1:53640/devtools/browser/b72dc292-71e3-49f0-bd20-cf3cd3947341
1718478985778	Marionette	WARN	Ignoring event 'pageshow' because document has an invalid readyState of 'uninitialized'.
1718478990215	Marionette	INFO	Stopped listening on port 53647
Dynamically enable window occlusion 1
1718479074548	geckodriver	INFO	Listening on 127.0.0.1:53717
1718479077582	mozrunner::runner	INFO	Running command: "C:\\Program Files\\Mozilla Firefox\\firefox.exe" "--marionette" "--remote-debugging-port" "53718" "--remote-allow-hosts" "localhost" "-no-remote" "-profile" "C:\\Users\\LUCAS~1.FON\\AppData\\Local\\Temp\\rust_mozprofile6uAaPd"
console.warn: services.settings: Ignoring preference override of remote settings server
console.warn: services.settings: Allow by setting MOZ_REMOTE_SETTINGS_DEVTOOLS=1 in the environment
Dynamically enable window occlusion 0
1718479077891	Marionette	INFO	Marionette enabled
1718479078136	Marionette	INFO	Listening on port 53725
Read port: 53725
WebDriver BiDi listening on ws://127.0.0.1:53718
1718479078215	RemoteAgent	WARN	TLS certificate errors will be ignored for this session
DevTools listening on ws://127.0.0.1:53718/devtools/browser/c024732a-c2d6-4ed4-8be4-f135ce74cf79
1718479086830	Marionette	WARN	Ignoring event 'pageshow' because document has an invalid readyState of 'uninitialized'.
1718479088386	Marionette	INFO	Stopped listening on port 53725
Dynamically enable window occlusion 1
1718479160866	geckodriver	INFO	Listening on 127.0.0.1:53764
1718479163886	mozrunner::runner	INFO	Running command: "C:\\Program Files\\Mozilla Firefox\\firefox.exe" "--marionette" "--remote-debugging-port" "53765" "--remote-allow-hosts" "localhost" "-no-remote" "-profile" "C:\\Users\\LUCAS~1.FON\\AppData\\Local\\Temp\\rust_mozprofilelVaJ3p"
console.warn: services.settings: Ignoring preference override of remote settings server
console.warn: services.settings: Allow by setting MOZ_REMOTE_SETTINGS_DEVTOOLS=1 in the environment
Dynamically enable window occlusion 0
1718479164257	Marionette	INFO	Marionette enabled
1718479164482	Marionette	INFO	Listening on port 53772
WebDriver BiDi listening on ws://127.0.0.1:53765
Read port: 53772
1718479164706	RemoteAgent	WARN	TLS certificate errors will be ignored for this session
DevTools listening on ws://127.0.0.1:53765/devtools/browser/964c5aa6-8861-4951-a740-58166b457068
1718479169739	Marionette	INFO	Stopped listening on port 53772
Dynamically enable window occlusion 1
1718479459993	geckodriver	INFO	Listening on 127.0.0.1:53945
1718479463049	mozrunner::runner	INFO	Running command: "C:\\Program Files\\Mozilla Firefox\\firefox.exe" "--marionette" "--remote-debugging-port" "53946" "--remote-allow-hosts" "localhost" "-no-remote" "-profile" "C:\\Users\\LUCAS~1.FON\\AppData\\Local\\Temp\\rust_mozprofilevqAQrP"
console.warn: services.settings: Ignoring preference override of remote settings server
console.warn: services.settings: Allow by setting MOZ_REMOTE_SETTINGS_DEVTOOLS=1 in the environment
Dynamically enable window occlusion 0
1718479463410	Marionette	INFO	Marionette enabled
1718479463595	Marionette	INFO	Listening on port 53953
WebDriver BiDi listening on ws://127.0.0.1:53946
Read port: 53953
1718479463816	RemoteAgent	WARN	TLS certificate errors will be ignored for this session
DevTools listening on ws://127.0.0.1:53946/devtools/browser/eb82350b-563a-402b-8633-5a358e961e5b
JavaScript warning: http://localhost:9257/pjecalc/a4j/g/3_3_3.Finalorg/richfaces/renderkit/html/scripts/jquery/jquery.js, line 246: unreachable code after return statement
JavaScript error: http://localhost:9257/pjecalc/pages/principal.jsf, line 598: ReferenceError: AguardeHide is not defined
JavaScript warning: http://localhost:9257/pjecalc/a4j/g/3_3_3.Finalorg/richfaces/renderkit/html/scripts/jquery/jquery.js, line 246: unreachable code after return statement
JavaScript error: http://localhost:9257/pjecalc/pages/principal.jsf?conversationId=5, line 598: ReferenceError: AguardeHide is not defined
JavaScript warning: http://localhost:9257/pjecalc/a4j/g/3_3_3.Finalorg/richfaces/renderkit/html/scripts/jquery/jquery.js, line 246: unreachable code after return statement
JavaScript error: http://localhost:9257/pjecalc/pages/calculo/calculo.jsf?conversationId=6, line 546: TypeError: $(...).leftPad is not a function
JavaScript error: http://localhost:9257/pjecalc/pages/calculo/calculo.jsf?conversationId=6, line 552: TypeError: $(...).leftPad is not a function
JavaScript error: http://localhost:9257/pjecalc/pages/calculo/calculo.jsf?conversationId=6, line 558: TypeError: $(...).leftPad is not a function
JavaScript error: http://localhost:9257/pjecalc/pages/calculo/calculo.jsf?conversationId=6, line 564: TypeError: $(...).leftPad is not a function
JavaScript error: http://localhost:9257/pjecalc/pages/calculo/calculo.jsf?conversationId=6, line 570: TypeError: $(...).leftPad is not a function
JavaScript error: http://localhost:9257/pjecalc/pages/calculo/calculo.jsf?conversationId=6, line 576: TypeError: $(...).leftPad is not a function
JavaScript error: http://localhost:9257/pjecalc/pages/calculo/calculo.jsf?conversationId=6, line 1099: ReferenceError: AguardeHide is not defined
JavaScript error: http://localhost:9257/pjecalc/pages/calculo/calculo.jsf?conversationId=6, line 1202: TypeError: $(...).leftPad is not a function
JavaScript error: http://localhost:9257/pjecalc/pages/calculo/calculo.jsf?conversationId=6, line 1208: TypeError: $(...).leftPad is not a function
JavaScript error: http://localhost:9257/pjecalc/pages/calculo/calculo.jsf?conversationId=6, line 1214: TypeError: $(...).leftPad is not a function
JavaScript error: http://localhost:9257/pjecalc/pages/calculo/calculo.jsf?conversationId=6, line 1223: TypeError: $(...).leftPad is not a function
JavaScript error: http://localhost:9257/pjecalc/pages/calculo/calculo.jsf?conversationId=6, line 1229: TypeError: $(...).leftPad is not a function
JavaScript error: http://localhost:9257/pjecalc/js/utils.js?2.13.0, line 177: TypeError: jqInput.writeAttribute is not a function
JavaScript error: http://localhost:9257/pjecalc/js/utils.js?2.13.0, line 177: TypeError: jqInput.writeAttribute is not a function
JavaScript error: http://localhost:9257/pjecalc/js/utils.js?2.13.0, line 177: TypeError: jqInput.writeAttribute is not a function
JavaScript error: http://localhost:9257/pjecalc/js/utils.js?2.13.0, line 177: TypeError: jqInput.writeAttribute is not a function
JavaScript error: http://localhost:9257/pjecalc/js/utils.js?2.13.0, line 177: TypeError: jqInput.writeAttribute is not a function
JavaScript error: http://localhost:9257/pjecalc/js/utils.js?2.13.0, line 197: TypeError: jqInput.writeAttribute is not a function
1718479493437	addons.xpi	ERROR	System addon update list error SyntaxError: XMLHttpRequest.open: 'http://%(server)s/dummy-system-addons.xml' is not a valid URL.
JavaScript error: http://localhost:9257/pjecalc/js/utils.js?2.13.0, line 197: TypeError: jqInput.writeAttribute is not a function
JavaScript error: http://localhost:9257/pjecalc/js/utils.js?2.13.0, line 197: TypeError: jqInput.writeAttribute is not a function
JavaScript warning: http://localhost:9257/pjecalc/a4j/g/3_3_3.Finalorg/richfaces/renderkit/html/scripts/jquery/jquery.js, line 246: unreachable code after return statement
JavaScript warning: http://localhost:9257/pjecalc/a4j/g/3_3_3.Finaljquery.js, line 246: unreachable code after return statement
JavaScript error: http://localhost:9257/pjecalc/pages/calculo/ferias.jsf?conversationId=22, line 655: SyntaxError: expected expression, got '.'
JavaScript error: http://localhost:9257/pjecalc/pages/calculo/ferias.jsf?conversationId=22, line 674: ReferenceError: AguardeHide is not defined
JavaScript error: http://localhost:9257/pjecalc/a4j/g/3_3_3.Finalorg/richfaces/renderkit/html/scripts/hotKey.js, line 4: TypeError: jQuery.hotkeys is undefined
JavaScript warning: http://localhost:9257/pjecalc/a4j/g/3_3_3.Finaljquery.js, line 246: unreachable code after return statement
JavaScript error: http://localhost:9257/pjecalc/pages/calculo/ferias.jsf?_richfaces_upload_uid=0.3292855000626901&formulario:arquivo=formulario:arquivo&_richfaces_upload_file_indicator=true&AJAXREQUEST=_viewRoot, line 104: SyntaxError: expected expression, got '.'
JavaScript warning: http://localhost:9257/pjecalc/a4j/g/3_3_3.Finaljquery.js, line 246: unreachable code after return statement
JavaScript error: http://localhost:9257/pjecalc/pages/calculo/ferias.jsf#irTopoPagina, line 665: SyntaxError: expected expression, got '.'
JavaScript error: http://localhost:9257/pjecalc/pages/calculo/ferias.jsf#irTopoPagina, line 684: ReferenceError: AguardeHide is not defined
JavaScript error: http://localhost:9257/pjecalc/a4j/g/3_3_3.Finalorg/richfaces/renderkit/html/scripts/hotKey.js, line 4: TypeError: jQuery.hotkeys is undefined
JavaScript warning: http://localhost:9257/pjecalc/a4j/g/3_3_3.Finaljquery.js, line 246: unreachable code after return statement
JavaScript error: http://localhost:9257/pjecalc/pages/calculo/historico-salarial.jsf?conversationId=29, line 572: SyntaxError: expected expression, got '.'
JavaScript error: http://localhost:9257/pjecalc/pages/calculo/historico-salarial.jsf?conversationId=29, line 594: ReferenceError: AguardeHide is not defined
JavaScript error: http://localhost:9257/pjecalc/a4j/g/3_3_3.Finalorg/richfaces/renderkit/html/scripts/hotKey.js, line 4: TypeError: jQuery.hotkeys is undefined
JavaScript error: http://localhost:9257/pjecalc/pages/calculo/historico-salarial.jsf?conversationId=29, line 638: SyntaxError: missing ) after condition
JavaScript error: http://localhost:9257/pjecalc/pages/calculo/verba/verba-calculo.jsf?conversationId=31, line 572: SyntaxError: expected expression, got '.'
JavaScript error: http://localhost:9257/pjecalc/pages/calculo/verba/verba-calculo.jsf?conversationId=31, line 646: ReferenceError: AguardeHide is not defined
JavaScript error: http://localhost:9257/pjecalc/pages/calculo/verba/verbas-para-calculo.jsf?conversationId=34, line 777: SyntaxError: expected expression, got '.'
JavaScript error: http://localhost:9257/pjecalc/pages/calculo/verba/verbas-para-calculo.jsf?conversationId=34, line 796: ReferenceError: AguardeHide is not defined
JavaScript error: http://localhost:9257/pjecalc/a4j/g/3_3_3.Finalorg/richfaces/renderkit/html/scripts/hotKey.js, line 4: TypeError: jQuery.hotkeys is undefined
JavaScript error: http://localhost:9257/pjecalc/pages/calculo/verba/verba-calculo.jsf?conversationId=36#irTopoPagina, line 582: SyntaxError: expected expression, got '.'
JavaScript error: http://localhost:9257/pjecalc/pages/calculo/verba/verba-calculo.jsf?conversationId=36#irTopoPagina, line 677: ReferenceError: verificarPeloMenosUmCheckBox is not defined
JavaScript error: http://localhost:9257/pjecalc/pages/calculo/verba/verba-calculo.jsf?conversationId=36#irTopoPagina, line 697: ReferenceError: AguardeHide is not defined
JavaScript error: http://localhost:9257/pjecalc/js/utils.js?2.13.0, line 197: TypeError: jqInput.writeAttribute is not a function
JavaScript error: http://localhost:9257/pjecalc/pages/calculo/fgts.jsf?conversationId=41, line 778: SyntaxError: expected expression, got '.'
JavaScript error: http://localhost:9257/pjecalc/pages/calculo/fgts.jsf?conversationId=41, line 797: ReferenceError: AguardeHide is not defined
JavaScript error: http://localhost:9257/pjecalc/pages/calculo/inss/inss.jsf?conversationId=43, line 747: SyntaxError: expected expression, got '.'
JavaScript error: http://localhost:9257/pjecalc/pages/calculo/inss/inss.jsf?conversationId=43, line 766: ReferenceError: AguardeHide is not defined
JavaScript error: http://localhost:9257/pjecalc/pages/calculo/inss/parametrizar-inss.jsf?conversationId=45, line 633: SyntaxError: expected expression, got '.'
JavaScript error: http://localhost:9257/pjecalc/pages/calculo/inss/parametrizar-inss.jsf?conversationId=45, line 652: ReferenceError: AguardeHide is not defined
JavaScript error: http://localhost:9257/pjecalc/pages/calculo/inss/parametrizar-inss.jsf?conversationId=47, line 736: SyntaxError: expected expression, got '.'
JavaScript error: http://localhost:9257/pjecalc/pages/calculo/inss/parametrizar-inss.jsf?conversationId=47, line 773: ReferenceError: AguardeHide is not defined
JavaScript error: http://localhost:9257/pjecalc/js/utils.js?2.13.0, line 242: TypeError: jqInput.writeAttribute is not a function
JavaScript error: http://localhost:9257/pjecalc/js/utils.js?2.13.0, line 242: TypeError: jqInput.writeAttribute is not a function
JavaScript error: http://localhost:9257/pjecalc/js/utils.js?2.13.0, line 242: TypeError: jqInput.writeAttribute is not a function
JavaScript error: http://localhost:9257/pjecalc/js/utils.js?2.13.0, line 242: TypeError: jqInput.writeAttribute is not a function
JavaScript error: http://localhost:9257/pjecalc/pages/calculo/inss/parametrizar-inss.jsf?conversationId=51#irTopoPagina, line 643: SyntaxError: expected expression, got '.'
JavaScript error: http://localhost:9257/pjecalc/pages/calculo/inss/parametrizar-inss.jsf?conversationId=51#irTopoPagina, line 662: ReferenceError: AguardeHide is not defined
JavaScript error: http://localhost:9257/pjecalc/js/utils.js?2.13.0, line 197: TypeError: jqInput.writeAttribute is not a function
JavaScript error: http://localhost:9257/pjecalc/js/utils.js?2.13.0, line 197: TypeError: jqInput.writeAttribute is not a function
JavaScript error: http://localhost:9257/pjecalc/js/utils.js?2.13.0, line 197: TypeError: jqInput.writeAttribute is not a function
JavaScript error: http://localhost:9257/pjecalc/js/utils.js?2.13.0, line 197: TypeError: jqInput.writeAttribute is not a function
JavaScript error: http://localhost:9257/pjecalc/js/utils.js?2.13.0, line 197: TypeError: jqInput.writeAttribute is not a function
JavaScript error: http://localhost:9257/pjecalc/js/utils.js?2.13.0, line 197: TypeError: jqInput.writeAttribute is not a function
JavaScript error: http://localhost:9257/pjecalc/js/utils.js?2.13.0, line 197: TypeError: jqInput.writeAttribute is not a function
JavaScript error: http://localhost:9257/pjecalc/js/utils.js?2.13.0, line 197: TypeError: jqInput.writeAttribute is not a function
JavaScript error: http://localhost:9257/pjecalc/js/utils.js?2.13.0, line 197: TypeError: jqInput.writeAttribute is not a function
JavaScript error: http://localhost:9257/pjecalc/js/utils.js?2.13.0, line 197: TypeError: jqInput.writeAttribute is not a function
JavaScript error: http://localhost:9257/pjecalc/js/utils.js?2.13.0, line 197: TypeError: jqInput.writeAttribute is not a function
JavaScript error: http://localhost:9257/pjecalc/js/utils.js?2.13.0, line 197: TypeError: jqInput.writeAttribute is not a function
JavaScript error: http://localhost:9257/pjecalc/js/utils.js?2.13.0, line 197: TypeError: jqInput.writeAttribute is not a function
JavaScript error: http://localhost:9257/pjecalc/js/utils.js?2.13.0, line 197: TypeError: jqInput.writeAttribute is not a function
JavaScript error: http://localhost:9257/pjecalc/js/utils.js?2.13.0, line 197: TypeError: jqInput.writeAttribute is not a function
JavaScript error: http://localhost:9257/pjecalc/js/utils.js?2.13.0, line 197: TypeError: jqInput.writeAttribute is not a function
JavaScript error: http://localhost:9257/pjecalc/js/utils.js?2.13.0, line 197: TypeError: jqInput.writeAttribute is not a function
JavaScript error: http://localhost:9257/pjecalc/js/utils.js?2.13.0, line 197: TypeError: jqInput.writeAttribute is not a function
JavaScript error: http://localhost:9257/pjecalc/js/utils.js?2.13.0, line 197: TypeError: jqInput.writeAttribute is not a function
JavaScript error: http://localhost:9257/pjecalc/js/utils.js?2.13.0, line 197: TypeError: jqInput.writeAttribute is not a function
JavaScript error: http://localhost:9257/pjecalc/js/utils.js?2.13.0, line 197: TypeError: jqInput.writeAttribute is not a function
JavaScript error: http://localhost:9257/pjecalc/js/utils.js?2.13.0, line 197: TypeError: jqInput.writeAttribute is not a function
JavaScript error: http://localhost:9257/pjecalc/js/utils.js?2.13.0, line 197: TypeError: jqInput.writeAttribute is not a function
JavaScript error: http://localhost:9257/pjecalc/js/utils.js?2.13.0, line 197: TypeError: jqInput.writeAttribute is not a function
JavaScript error: http://localhost:9257/pjecalc/js/utils.js?2.13.0, line 197: TypeError: jqInput.writeAttribute is not a function
JavaScript error: http://localhost:9257/pjecalc/js/utils.js?2.13.0, line 197: TypeError: jqInput.writeAttribute is not a function
JavaScript error: http://localhost:9257/pjecalc/js/utils.js?2.13.0, line 197: TypeError: jqInput.writeAttribute is not a function
JavaScript error: http://localhost:9257/pjecalc/js/utils.js?2.13.0, line 197: TypeError: jqInput.writeAttribute is not a function
JavaScript error: http://localhost:9257/pjecalc/js/utils.js?2.13.0, line 197: TypeError: jqInput.writeAttribute is not a function
JavaScript error: http://localhost:9257/pjecalc/js/utils.js?2.13.0, line 197: TypeError: jqInput.writeAttribute is not a function
JavaScript error: http://localhost:9257/pjecalc/js/utils.js?2.13.0, line 197: TypeError: jqInput.writeAttribute is not a function
JavaScript error: http://localhost:9257/pjecalc/js/utils.js?2.13.0, line 197: TypeError: jqInput.writeAttribute is not a function
JavaScript error: http://localhost:9257/pjecalc/js/utils.js?2.13.0, line 197: TypeError: jqInput.writeAttribute is not a function
JavaScript error: http://localhost:9257/pjecalc/js/utils.js?2.13.0, line 197: TypeError: jqInput.writeAttribute is not a function
JavaScript error: http://localhost:9257/pjecalc/js/utils.js?2.13.0, line 197: TypeError: jqInput.writeAttribute is not a function
JavaScript error: http://localhost:9257/pjecalc/js/utils.js?2.13.0, line 197: TypeError: jqInput.writeAttribute is not a function
JavaScript error: http://localhost:9257/pjecalc/js/utils.js?2.13.0, line 197: TypeError: jqInput.writeAttribute is not a function
JavaScript error: http://localhost:9257/pjecalc/js/utils.js?2.13.0, line 197: TypeError: jqInput.writeAttribute is not a function
JavaScript error: http://localhost:9257/pjecalc/js/utils.js?2.13.0, line 197: TypeError: jqInput.writeAttribute is not a function
JavaScript error: http://localhost:9257/pjecalc/js/utils.js?2.13.0, line 197: TypeError: jqInput.writeAttribute is not a function
JavaScript error: http://localhost:9257/pjecalc/js/utils.js?2.13.0, line 197: TypeError: jqInput.writeAttribute is not a function
JavaScript error: http://localhost:9257/pjecalc/js/utils.js?2.13.0, line 197: TypeError: jqInput.writeAttribute is not a function
JavaScript error: http://localhost:9257/pjecalc/js/utils.js?2.13.0, line 197: TypeError: jqInput.writeAttribute is not a function
JavaScript error: http://localhost:9257/pjecalc/js/utils.js?2.13.0, line 197: TypeError: jqInput.writeAttribute is not a function
JavaScript error: http://localhost:9257/pjecalc/js/utils.js?2.13.0, line 197: TypeError: jqInput.writeAttribute is not a function
JavaScript error: http://localhost:9257/pjecalc/js/utils.js?2.13.0, line 197: TypeError: jqInput.writeAttribute is not a function
JavaScript error: http://localhost:9257/pjecalc/js/utils.js?2.13.0, line 197: TypeError: jqInput.writeAttribute is not a function
JavaScript error: http://localhost:9257/pjecalc/js/utils.js?2.13.0, line 197: TypeError: jqInput.writeAttribute is not a function
JavaScript error: http://localhost:9257/pjecalc/js/utils.js?2.13.0, line 197: TypeError: jqInput.writeAttribute is not a function
JavaScript error: http://localhost:9257/pjecalc/js/utils.js?2.13.0, line 197: TypeError: jqInput.writeAttribute is not a function
JavaScript error: http://localhost:9257/pjecalc/js/utils.js?2.13.0, line 197: TypeError: jqInput.writeAttribute is not a function
JavaScript error: http://localhost:9257/pjecalc/js/utils.js?2.13.0, line 197: TypeError: jqInput.writeAttribute is not a function
JavaScript error: http://localhost:9257/pjecalc/js/utils.js?2.13.0, line 197: TypeError: jqInput.writeAttribute is not a function
JavaScript error: http://localhost:9257/pjecalc/js/utils.js?2.13.0, line 197: TypeError: jqInput.writeAttribute is not a function
JavaScript error: http://localhost:9257/pjecalc/js/utils.js?2.13.0, line 197: TypeError: jqInput.writeAttribute is not a function
JavaScript error: http://localhost:9257/pjecalc/js/utils.js?2.13.0, line 197: TypeError: jqInput.writeAttribute is not a function
JavaScript error: http://localhost:9257/pjecalc/js/utils.js?2.13.0, line 197: TypeError: jqInput.writeAttribute is not a function
JavaScript error: http://localhost:9257/pjecalc/js/utils.js?2.13.0, line 197: TypeError: jqInput.writeAttribute is not a function
JavaScript error: http://localhost:9257/pjecalc/js/utils.js?2.13.0, line 197: TypeError: jqInput.writeAttribute is not a function
JavaScript error: http://localhost:9257/pjecalc/js/utils.js?2.13.0, line 197: TypeError: jqInput.writeAttribute is not a function
JavaScript error: http://localhost:9257/pjecalc/pages/calculo/inss/inss.jsf?conversationId=112#irTopoPagina, line 757: SyntaxError: expected expression, got '.'
JavaScript error: http://localhost:9257/pjecalc/pages/calculo/inss/inss.jsf?conversationId=112#irTopoPagina, line 776: ReferenceError: AguardeHide is not defined
JavaScript error: http://localhost:9257/pjecalc/pages/calculo/multas-indenizacoes.jsf?conversationId=113, line 572: SyntaxError: expected expression, got '.'
JavaScript error: http://localhost:9257/pjecalc/pages/calculo/multas-indenizacoes.jsf?conversationId=113, line 592: ReferenceError: AguardeHide is not defined
JavaScript error: http://localhost:9257/pjecalc/pages/calculo/honorarios.jsf?conversationId=114, line 572: SyntaxError: expected expression, got '.'
JavaScript error: http://localhost:9257/pjecalc/pages/calculo/honorarios.jsf?conversationId=114, line 592: ReferenceError: AguardeHide is not defined
JavaScript error: http://localhost:9257/pjecalc/js/utils.js?2.13.0, line 231: TypeError: jqInput.writeAttribute is not a function
JavaScript error: http://localhost:9257/pjecalc/js/utils.js?2.13.0, line 197: TypeError: jqInput.writeAttribute is not a function
JavaScript error: http://localhost:9257/pjecalc/pages/calculo/custas-judiciais.jsf?conversationId=125, line 876: SyntaxError: expected expression, got '.'
JavaScript error: http://localhost:9257/pjecalc/pages/calculo/custas-judiciais.jsf?conversationId=125, line 895: ReferenceError: AguardeHide is not defined
JavaScript error: http://localhost:9257/pjecalc/pages/calculo/parametros-atualizacao/parametros-atualizacao.jsf?conversationId=126, line 1048: SyntaxError: expected expression, got '.'
JavaScript error: http://localhost:9257/pjecalc/pages/calculo/parametros-atualizacao/parametros-atualizacao.jsf?conversationId=126, line 1067: ReferenceError: AguardeHide is not defined
JavaScript error: http://localhost:9257/pjecalc/pages/calculo/liquidacao.jsf?conversationId=136, line 602: SyntaxError: expected expression, got '.'
JavaScript error: http://localhost:9257/pjecalc/pages/calculo/liquidacao.jsf?conversationId=136, line 690: ReferenceError: AguardeHide is not defined
JavaScript error: http://localhost:9257/pjecalc/pages/calculo/relatorio/relatorio-calculo.jsf?conversationId=138, line 681: SyntaxError: expected expression, got '.'
JavaScript error: http://localhost:9257/pjecalc/pages/calculo/relatorio/relatorio-calculo.jsf?conversationId=138, line 700: ReferenceError: AguardeHide is not defined
JavaScript error: http://localhost:9257/pjecalc/a4j/g/3_3_3.Finalorg/richfaces/renderkit/html/scripts/hotKey.js, line 4: TypeError: jQuery.hotkeys is undefined
JavaScript error: http://localhost:9257/pjecalc/pages/calculo/exportacao.jsf?conversationId=142, line 585: SyntaxError: expected expression, got '.'
JavaScript error: http://localhost:9257/pjecalc/pages/calculo/exportacao.jsf?conversationId=142, line 604: ReferenceError: AguardeHide is not defined
JavaScript error: http://localhost:9257/pjecalc/a4j/g/3_3_3.Finalorg/richfaces/renderkit/html/scripts/hotKey.js, line 4: TypeError: jQuery.hotkeys is undefined
1718480809107	Marionette	INFO	Stopped listening on port 53953
Dynamically enable window occlusion 1
1718634308302	geckodriver	INFO	Listening on 127.0.0.1:49302
1718634311382	mozrunner::runner	INFO	Running command: "C:\\Program Files\\Mozilla Firefox\\firefox.exe" "--marionette" "--remote-debugging-port" "49303" "--remote-allow-hosts" "localhost" "-no-remote" "-profile" "C:\\Users\\LUCAS~1.FON\\AppData\\Local\\Temp\\rust_mozprofileIsV8yF"
console.warn: services.settings: Ignoring preference override of remote settings server
console.warn: services.settings: Allow by setting MOZ_REMOTE_SETTINGS_DEVTOOLS=1 in the environment
Dynamically enable window occlusion 0
1718634312189	Marionette	INFO	Marionette enabled
1718634312406	Marionette	INFO	Listening on port 49310
WebDriver BiDi listening on ws://127.0.0.1:49303
Read port: 49310
1718634312728	RemoteAgent	WARN	TLS certificate errors will be ignored for this session
DevTools listening on ws://127.0.0.1:49303/devtools/browser/9d1ab8b1-0807-4af9-b9a3-56e1e4759a81
1718634321332	Marionette	WARN	Ignoring event 'pageshow' because document has an invalid readyState of 'uninitialized'.
1718634342235	addons.xpi	ERROR	System addon update list error SyntaxError: XMLHttpRequest.open: 'http://%(server)s/dummy-system-addons.xml' is not a valid URL.
1718634472397	Marionette	INFO	Stopped listening on port 49310
Dynamically enable window occlusion 1
1718634630684	geckodriver	INFO	Listening on 127.0.0.1:49545
1718634633724	mozrunner::runner	INFO	Running command: "C:\\Program Files\\Mozilla Firefox\\firefox.exe" "--marionette" "--remote-debugging-port" "49546" "--remote-allow-hosts" "localhost" "-no-remote" "-profile" "C:\\Users\\LUCAS~1.FON\\AppData\\Local\\Temp\\rust_mozprofileKYjMtO"
console.warn: services.settings: Ignoring preference override of remote settings server
console.warn: services.settings: Allow by setting MOZ_REMOTE_SETTINGS_DEVTOOLS=1 in the environment
Dynamically enable window occlusion 0
1718634634100	Marionette	INFO	Marionette enabled
1718634634267	Marionette	INFO	Listening on port 49554
WebDriver BiDi listening on ws://127.0.0.1:49546
Read port: 49554
1718634634434	RemoteAgent	WARN	TLS certificate errors will be ignored for this session
DevTools listening on ws://127.0.0.1:49546/devtools/browser/17d2e079-10b0-4bc4-bb57-3e2b25a9d0ab
JavaScript warning: http://localhost:9257/pjecalc/a4j/g/3_3_3.Finalorg/richfaces/renderkit/html/scripts/jquery/jquery.js, line 246: unreachable code after return statement
JavaScript error: http://localhost:9257/pjecalc/pages/principal.jsf, line 599: ReferenceError: AguardeHide is not defined
JavaScript warning: http://localhost:9257/pjecalc/a4j/g/3_3_3.Finalorg/richfaces/renderkit/html/scripts/jquery/jquery.js, line 246: unreachable code after return statement
JavaScript error: http://localhost:9257/pjecalc/pages/principal.jsf?conversationId=7, line 599: ReferenceError: AguardeHide is not defined
JavaScript warning: http://localhost:9257/pjecalc/a4j/g/3_3_3.Finalorg/richfaces/renderkit/html/scripts/jquery/jquery.js, line 246: unreachable code after return statement
JavaScript error: http://localhost:9257/pjecalc/pages/calculo/calculo.jsf?conversationId=8, line 546: TypeError: $(...).leftPad is not a function
JavaScript error: http://localhost:9257/pjecalc/pages/calculo/calculo.jsf?conversationId=8, line 552: TypeError: $(...).leftPad is not a function
JavaScript error: http://localhost:9257/pjecalc/pages/calculo/calculo.jsf?conversationId=8, line 558: TypeError: $(...).leftPad is not a function
JavaScript error: http://localhost:9257/pjecalc/pages/calculo/calculo.jsf?conversationId=8, line 564: TypeError: $(...).leftPad is not a function
JavaScript error: http://localhost:9257/pjecalc/pages/calculo/calculo.jsf?conversationId=8, line 570: TypeError: $(...).leftPad is not a function
JavaScript error: http://localhost:9257/pjecalc/pages/calculo/calculo.jsf?conversationId=8, line 576: TypeError: $(...).leftPad is not a function
JavaScript error: http://localhost:9257/pjecalc/pages/calculo/calculo.jsf?conversationId=8, line 1099: ReferenceError: AguardeHide is not defined
JavaScript error: http://localhost:9257/pjecalc/pages/calculo/calculo.jsf?conversationId=8, line 1202: TypeError: $(...).leftPad is not a function
JavaScript error: http://localhost:9257/pjecalc/pages/calculo/calculo.jsf?conversationId=8, line 1208: TypeError: $(...).leftPad is not a function
JavaScript error: http://localhost:9257/pjecalc/pages/calculo/calculo.jsf?conversationId=8, line 1214: TypeError: $(...).leftPad is not a function
JavaScript error: http://localhost:9257/pjecalc/pages/calculo/calculo.jsf?conversationId=8, line 1223: TypeError: $(...).leftPad is not a function
JavaScript error: http://localhost:9257/pjecalc/pages/calculo/calculo.jsf?conversationId=8, line 1229: TypeError: $(...).leftPad is not a function
JavaScript error: http://localhost:9257/pjecalc/js/utils.js?2.13.0, line 177: TypeError: jqInput.writeAttribute is not a function
JavaScript error: http://localhost:9257/pjecalc/js/utils.js?2.13.0, line 177: TypeError: jqInput.writeAttribute is not a function
JavaScript error: http://localhost:9257/pjecalc/js/utils.js?2.13.0, line 177: TypeError: jqInput.writeAttribute is not a function
JavaScript error: http://localhost:9257/pjecalc/js/utils.js?2.13.0, line 177: TypeError: jqInput.writeAttribute is not a function
JavaScript error: http://localhost:9257/pjecalc/js/utils.js?2.13.0, line 177: TypeError: jqInput.writeAttribute is not a function
JavaScript error: http://localhost:9257/pjecalc/js/utils.js?2.13.0, line 197: TypeError: jqInput.writeAttribute is not a function
1718634664133	addons.xpi	ERROR	System addon update list error SyntaxError: XMLHttpRequest.open: 'http://%(server)s/dummy-system-addons.xml' is not a valid URL.
JavaScript error: http://localhost:9257/pjecalc/js/utils.js?2.13.0, line 197: TypeError: jqInput.writeAttribute is not a function
JavaScript error: http://localhost:9257/pjecalc/js/utils.js?2.13.0, line 197: TypeError: jqInput.writeAttribute is not a function
JavaScript warning: http://localhost:9257/pjecalc/a4j/g/3_3_3.Finalorg/richfaces/renderkit/html/scripts/jquery/jquery.js, line 246: unreachable code after return statement
JavaScript warning: http://localhost:9257/pjecalc/a4j/g/3_3_3.Finaljquery.js, line 246: unreachable code after return statement
JavaScript error: http://localhost:9257/pjecalc/pages/calculo/ferias.jsf?conversationId=24, line 655: SyntaxError: expected expression, got '.'
JavaScript error: http://localhost:9257/pjecalc/pages/calculo/ferias.jsf?conversationId=24, line 674: ReferenceError: AguardeHide is not defined
JavaScript error: http://localhost:9257/pjecalc/a4j/g/3_3_3.Finalorg/richfaces/renderkit/html/scripts/hotKey.js, line 4: TypeError: jQuery.hotkeys is undefined
JavaScript warning: http://localhost:9257/pjecalc/a4j/g/3_3_3.Finaljquery.js, line 246: unreachable code after return statement
JavaScript error: http://localhost:9257/pjecalc/pages/calculo/ferias.jsf?_richfaces_upload_uid=0.4208486647120103&formulario:arquivo=formulario:arquivo&_richfaces_upload_file_indicator=true&AJAXREQUEST=_viewRoot, line 104: SyntaxError: expected expression, got '.'
JavaScript warning: http://localhost:9257/pjecalc/a4j/g/3_3_3.Finaljquery.js, line 246: unreachable code after return statement
JavaScript error: http://localhost:9257/pjecalc/pages/calculo/ferias.jsf#irTopoPagina, line 665: SyntaxError: expected expression, got '.'
JavaScript error: http://localhost:9257/pjecalc/pages/calculo/ferias.jsf#irTopoPagina, line 684: ReferenceError: AguardeHide is not defined
JavaScript error: http://localhost:9257/pjecalc/a4j/g/3_3_3.Finalorg/richfaces/renderkit/html/scripts/hotKey.js, line 4: TypeError: jQuery.hotkeys is undefined
JavaScript warning: http://localhost:9257/pjecalc/a4j/g/3_3_3.Finaljquery.js, line 246: unreachable code after return statement
JavaScript error: http://localhost:9257/pjecalc/pages/calculo/historico-salarial.jsf?conversationId=31, line 572: SyntaxError: expected expression, got '.'
JavaScript error: http://localhost:9257/pjecalc/pages/calculo/historico-salarial.jsf?conversationId=31, line 594: ReferenceError: AguardeHide is not defined
JavaScript error: http://localhost:9257/pjecalc/a4j/g/3_3_3.Finalorg/richfaces/renderkit/html/scripts/hotKey.js, line 4: TypeError: jQuery.hotkeys is undefined
JavaScript error: http://localhost:9257/pjecalc/pages/calculo/historico-salarial.jsf?conversationId=31, line 638: SyntaxError: missing ) after condition
JavaScript error: http://localhost:9257/pjecalc/pages/calculo/verba/verba-calculo.jsf?conversationId=33, line 572: SyntaxError: expected expression, got '.'
JavaScript error: http://localhost:9257/pjecalc/pages/calculo/verba/verba-calculo.jsf?conversationId=33, line 646: ReferenceError: AguardeHide is not defined
JavaScript error: http://localhost:9257/pjecalc/pages/calculo/verba/verbas-para-calculo.jsf?conversationId=36, line 777: SyntaxError: expected expression, got '.'
JavaScript error: http://localhost:9257/pjecalc/pages/calculo/verba/verbas-para-calculo.jsf?conversationId=36, line 796: ReferenceError: AguardeHide is not defined
JavaScript error: http://localhost:9257/pjecalc/a4j/g/3_3_3.Finalorg/richfaces/renderkit/html/scripts/hotKey.js, line 4: TypeError: jQuery.hotkeys is undefined
JavaScript error: http://localhost:9257/pjecalc/pages/calculo/verba/verba-calculo.jsf?conversationId=38#irTopoPagina, line 582: SyntaxError: expected expression, got '.'
JavaScript error: http://localhost:9257/pjecalc/pages/calculo/verba/verba-calculo.jsf?conversationId=38#irTopoPagina, line 677: ReferenceError: verificarPeloMenosUmCheckBox is not defined
JavaScript error: http://localhost:9257/pjecalc/pages/calculo/verba/verba-calculo.jsf?conversationId=38#irTopoPagina, line 697: ReferenceError: AguardeHide is not defined
JavaScript error: http://localhost:9257/pjecalc/js/utils.js?2.13.0, line 197: TypeError: jqInput.writeAttribute is not a function
JavaScript error: http://localhost:9257/pjecalc/pages/calculo/fgts.jsf?conversationId=43, line 778: SyntaxError: expected expression, got '.'
JavaScript error: http://localhost:9257/pjecalc/pages/calculo/fgts.jsf?conversationId=43, line 797: ReferenceError: AguardeHide is not defined
JavaScript error: http://localhost:9257/pjecalc/pages/calculo/inss/inss.jsf?conversationId=45, line 747: SyntaxError: expected expression, got '.'
JavaScript error: http://localhost:9257/pjecalc/pages/calculo/inss/inss.jsf?conversationId=45, line 766: ReferenceError: AguardeHide is not defined
JavaScript error: http://localhost:9257/pjecalc/pages/calculo/inss/parametrizar-inss.jsf?conversationId=47, line 633: SyntaxError: expected expression, got '.'
JavaScript error: http://localhost:9257/pjecalc/pages/calculo/inss/parametrizar-inss.jsf?conversationId=47, line 652: ReferenceError: AguardeHide is not defined
JavaScript error: http://localhost:9257/pjecalc/pages/calculo/inss/parametrizar-inss.jsf?conversationId=49, line 736: SyntaxError: expected expression, got '.'
JavaScript error: http://localhost:9257/pjecalc/pages/calculo/inss/parametrizar-inss.jsf?conversationId=49, line 773: ReferenceError: AguardeHide is not defined
JavaScript error: http://localhost:9257/pjecalc/js/utils.js?2.13.0, line 242: TypeError: jqInput.writeAttribute is not a function
JavaScript error: http://localhost:9257/pjecalc/js/utils.js?2.13.0, line 242: TypeError: jqInput.writeAttribute is not a function
JavaScript error: http://localhost:9257/pjecalc/js/utils.js?2.13.0, line 242: TypeError: jqInput.writeAttribute is not a function
JavaScript error: http://localhost:9257/pjecalc/js/utils.js?2.13.0, line 242: TypeError: jqInput.writeAttribute is not a function
JavaScript error: http://localhost:9257/pjecalc/pages/calculo/inss/parametrizar-inss.jsf?conversationId=53#irTopoPagina, line 643: SyntaxError: expected expression, got '.'
JavaScript error: http://localhost:9257/pjecalc/pages/calculo/inss/parametrizar-inss.jsf?conversationId=53#irTopoPagina, line 662: ReferenceError: AguardeHide is not defined
JavaScript error: http://localhost:9257/pjecalc/js/utils.js?2.13.0, line 197: TypeError: jqInput.writeAttribute is not a function
JavaScript error: http://localhost:9257/pjecalc/js/utils.js?2.13.0, line 197: TypeError: jqInput.writeAttribute is not a function
JavaScript error: http://localhost:9257/pjecalc/js/utils.js?2.13.0, line 197: TypeError: jqInput.writeAttribute is not a function
JavaScript error: http://localhost:9257/pjecalc/js/utils.js?2.13.0, line 197: TypeError: jqInput.writeAttribute is not a function
JavaScript error: http://localhost:9257/pjecalc/js/utils.js?2.13.0, line 197: TypeError: jqInput.writeAttribute is not a function
JavaScript error: http://localhost:9257/pjecalc/js/utils.js?2.13.0, line 197: TypeError: jqInput.writeAttribute is not a function
JavaScript error: http://localhost:9257/pjecalc/js/utils.js?2.13.0, line 197: TypeError: jqInput.writeAttribute is not a function
JavaScript error: http://localhost:9257/pjecalc/js/utils.js?2.13.0, line 197: TypeError: jqInput.writeAttribute is not a function
JavaScript error: http://localhost:9257/pjecalc/js/utils.js?2.13.0, line 197: TypeError: jqInput.writeAttribute is not a function
JavaScript error: http://localhost:9257/pjecalc/js/utils.js?2.13.0, line 197: TypeError: jqInput.writeAttribute is not a function
JavaScript error: http://localhost:9257/pjecalc/js/utils.js?2.13.0, line 197: TypeError: jqInput.writeAttribute is not a function
JavaScript error: http://localhost:9257/pjecalc/js/utils.js?2.13.0, line 197: TypeError: jqInput.writeAttribute is not a function
JavaScript error: http://localhost:9257/pjecalc/js/utils.js?2.13.0, line 197: TypeError: jqInput.writeAttribute is not a function
JavaScript error: http://localhost:9257/pjecalc/js/utils.js?2.13.0, line 197: TypeError: jqInput.writeAttribute is not a function
JavaScript error: http://localhost:9257/pjecalc/js/utils.js?2.13.0, line 197: TypeError: jqInput.writeAttribute is not a function
JavaScript error: http://localhost:9257/pjecalc/js/utils.js?2.13.0, line 197: TypeError: jqInput.writeAttribute is not a function
JavaScript error: http://localhost:9257/pjecalc/js/utils.js?2.13.0, line 197: TypeError: jqInput.writeAttribute is not a function
JavaScript error: http://localhost:9257/pjecalc/js/utils.js?2.13.0, line 197: TypeError: jqInput.writeAttribute is not a function
JavaScript error: http://localhost:9257/pjecalc/js/utils.js?2.13.0, line 197: TypeError: jqInput.writeAttribute is not a function
JavaScript error: http://localhost:9257/pjecalc/js/utils.js?2.13.0, line 197: TypeError: jqInput.writeAttribute is not a function
JavaScript error: http://localhost:9257/pjecalc/js/utils.js?2.13.0, line 197: TypeError: jqInput.writeAttribute is not a function
JavaScript error: http://localhost:9257/pjecalc/js/utils.js?2.13.0, line 197: TypeError: jqInput.writeAttribute is not a function
JavaScript error: http://localhost:9257/pjecalc/js/utils.js?2.13.0, line 197: TypeError: jqInput.writeAttribute is not a function
JavaScript error: http://localhost:9257/pjecalc/js/utils.js?2.13.0, line 197: TypeError: jqInput.writeAttribute is not a function
JavaScript error: http://localhost:9257/pjecalc/js/utils.js?2.13.0, line 197: TypeError: jqInput.writeAttribute is not a function
JavaScript error: http://localhost:9257/pjecalc/js/utils.js?2.13.0, line 197: TypeError: jqInput.writeAttribute is not a function
JavaScript error: http://localhost:9257/pjecalc/js/utils.js?2.13.0, line 197: TypeError: jqInput.writeAttribute is not a function
JavaScript error: http://localhost:9257/pjecalc/js/utils.js?2.13.0, line 197: TypeError: jqInput.writeAttribute is not a function
JavaScript error: http://localhost:9257/pjecalc/js/utils.js?2.13.0, line 197: TypeError: jqInput.writeAttribute is not a function
JavaScript error: http://localhost:9257/pjecalc/js/utils.js?2.13.0, line 197: TypeError: jqInput.writeAttribute is not a function
JavaScript error: http://localhost:9257/pjecalc/js/utils.js?2.13.0, line 197: TypeError: jqInput.writeAttribute is not a function
JavaScript error: http://localhost:9257/pjecalc/js/utils.js?2.13.0, line 197: TypeError: jqInput.writeAttribute is not a function
JavaScript error: http://localhost:9257/pjecalc/js/utils.js?2.13.0, line 197: TypeError: jqInput.writeAttribute is not a function
JavaScript error: http://localhost:9257/pjecalc/js/utils.js?2.13.0, line 197: TypeError: jqInput.writeAttribute is not a function
JavaScript error: http://localhost:9257/pjecalc/js/utils.js?2.13.0, line 197: TypeError: jqInput.writeAttribute is not a function
JavaScript error: http://localhost:9257/pjecalc/js/utils.js?2.13.0, line 197: TypeError: jqInput.writeAttribute is not a function
JavaScript error: http://localhost:9257/pjecalc/js/utils.js?2.13.0, line 197: TypeError: jqInput.writeAttribute is not a function
JavaScript error: http://localhost:9257/pjecalc/js/utils.js?2.13.0, line 197: TypeError: jqInput.writeAttribute is not a function
JavaScript error: http://localhost:9257/pjecalc/js/utils.js?2.13.0, line 197: TypeError: jqInput.writeAttribute is not a function
JavaScript error: http://localhost:9257/pjecalc/js/utils.js?2.13.0, line 197: TypeError: jqInput.writeAttribute is not a function
JavaScript error: http://localhost:9257/pjecalc/js/utils.js?2.13.0, line 197: TypeError: jqInput.writeAttribute is not a function
JavaScript error: http://localhost:9257/pjecalc/js/utils.js?2.13.0, line 197: TypeError: jqInput.writeAttribute is not a function
JavaScript error: http://localhost:9257/pjecalc/js/utils.js?2.13.0, line 197: TypeError: jqInput.writeAttribute is not a function
JavaScript error: http://localhost:9257/pjecalc/js/utils.js?2.13.0, line 197: TypeError: jqInput.writeAttribute is not a function
JavaScript error: http://localhost:9257/pjecalc/js/utils.js?2.13.0, line 197: TypeError: jqInput.writeAttribute is not a function
JavaScript error: http://localhost:9257/pjecalc/js/utils.js?2.13.0, line 197: TypeError: jqInput.writeAttribute is not a function
JavaScript error: http://localhost:9257/pjecalc/js/utils.js?2.13.0, line 197: TypeError: jqInput.writeAttribute is not a function
JavaScript error: http://localhost:9257/pjecalc/js/utils.js?2.13.0, line 197: TypeError: jqInput.writeAttribute is not a function
JavaScript error: http://localhost:9257/pjecalc/js/utils.js?2.13.0, line 197: TypeError: jqInput.writeAttribute is not a function
JavaScript error: http://localhost:9257/pjecalc/js/utils.js?2.13.0, line 197: TypeError: jqInput.writeAttribute is not a function
JavaScript error: http://localhost:9257/pjecalc/js/utils.js?2.13.0, line 197: TypeError: jqInput.writeAttribute is not a function
JavaScript error: http://localhost:9257/pjecalc/js/utils.js?2.13.0, line 197: TypeError: jqInput.writeAttribute is not a function
JavaScript error: http://localhost:9257/pjecalc/js/utils.js?2.13.0, line 197: TypeError: jqInput.writeAttribute is not a function
JavaScript error: http://localhost:9257/pjecalc/js/utils.js?2.13.0, line 197: TypeError: jqInput.writeAttribute is not a function
JavaScript error: http://localhost:9257/pjecalc/js/utils.js?2.13.0, line 197: TypeError: jqInput.writeAttribute is not a function
JavaScript error: http://localhost:9257/pjecalc/js/utils.js?2.13.0, line 197: TypeError: jqInput.writeAttribute is not a function
JavaScript error: http://localhost:9257/pjecalc/js/utils.js?2.13.0, line 197: TypeError: jqInput.writeAttribute is not a function
JavaScript error: http://localhost:9257/pjecalc/js/utils.js?2.13.0, line 197: TypeError: jqInput.writeAttribute is not a function
JavaScript error: http://localhost:9257/pjecalc/js/utils.js?2.13.0, line 197: TypeError: jqInput.writeAttribute is not a function
JavaScript error: http://localhost:9257/pjecalc/js/utils.js?2.13.0, line 197: TypeError: jqInput.writeAttribute is not a function
JavaScript error: http://localhost:9257/pjecalc/pages/calculo/inss/inss.jsf?conversationId=114#irTopoPagina, line 757: SyntaxError: expected expression, got '.'
JavaScript error: http://localhost:9257/pjecalc/pages/calculo/inss/inss.jsf?conversationId=114#irTopoPagina, line 776: ReferenceError: AguardeHide is not defined
JavaScript error: http://localhost:9257/pjecalc/pages/calculo/multas-indenizacoes.jsf?conversationId=115, line 572: SyntaxError: expected expression, got '.'
JavaScript error: http://localhost:9257/pjecalc/pages/calculo/multas-indenizacoes.jsf?conversationId=115, line 592: ReferenceError: AguardeHide is not defined
JavaScript error: http://localhost:9257/pjecalc/pages/calculo/honorarios.jsf?conversationId=116, line 572: SyntaxError: expected expression, got '.'
JavaScript error: http://localhost:9257/pjecalc/pages/calculo/honorarios.jsf?conversationId=116, line 592: ReferenceError: AguardeHide is not defined
JavaScript error: http://localhost:9257/pjecalc/js/utils.js?2.13.0, line 231: TypeError: jqInput.writeAttribute is not a function
JavaScript error: http://localhost:9257/pjecalc/js/utils.js?2.13.0, line 197: TypeError: jqInput.writeAttribute is not a function
JavaScript error: http://localhost:9257/pjecalc/pages/calculo/custas-judiciais.jsf?conversationId=127, line 876: SyntaxError: expected expression, got '.'
JavaScript error: http://localhost:9257/pjecalc/pages/calculo/custas-judiciais.jsf?conversationId=127, line 895: ReferenceError: AguardeHide is not defined
JavaScript error: http://localhost:9257/pjecalc/pages/calculo/parametros-atualizacao/parametros-atualizacao.jsf?conversationId=128, line 1048: SyntaxError: expected expression, got '.'
JavaScript error: http://localhost:9257/pjecalc/pages/calculo/parametros-atualizacao/parametros-atualizacao.jsf?conversationId=128, line 1067: ReferenceError: AguardeHide is not defined
JavaScript error: http://localhost:9257/pjecalc/pages/calculo/liquidacao.jsf?conversationId=138, line 602: SyntaxError: expected expression, got '.'
JavaScript error: http://localhost:9257/pjecalc/pages/calculo/liquidacao.jsf?conversationId=138, line 690: ReferenceError: AguardeHide is not defined
JavaScript error: http://localhost:9257/pjecalc/pages/calculo/relatorio/relatorio-calculo.jsf?conversationId=140, line 681: SyntaxError: expected expression, got '.'
JavaScript error: http://localhost:9257/pjecalc/pages/calculo/relatorio/relatorio-calculo.jsf?conversationId=140, line 700: ReferenceError: AguardeHide is not defined
JavaScript error: http://localhost:9257/pjecalc/a4j/g/3_3_3.Finalorg/richfaces/renderkit/html/scripts/hotKey.js, line 4: TypeError: jQuery.hotkeys is undefined
JavaScript error: http://localhost:9257/pjecalc/pages/calculo/exportacao.jsf?conversationId=142, line 585: SyntaxError: expected expression, got '.'
JavaScript error: http://localhost:9257/pjecalc/pages/calculo/exportacao.jsf?conversationId=142, line 604: ReferenceError: AguardeHide is not defined
JavaScript error: http://localhost:9257/pjecalc/a4j/g/3_3_3.Finalorg/richfaces/renderkit/html/scripts/hotKey.js, line 4: TypeError: jQuery.hotkeys is undefined
1718635519665	Marionette	INFO	Stopped listening on port 49554
Dynamically enable window occlusion 1
